0 info it worked if it ends with ok
1 verbose cli [ '/usr/local/bin/node', '/usr/local/bin/npm', 'start' ]
2 info using npm@3.9.5
3 info using node@v6.2.2
4 verbose run-script [ 'prestart', 'start', 'poststart' ]
5 info lifecycle io-stream@0.0.2~prestart: io-stream@0.0.2
6 silly lifecycle io-stream@0.0.2~prestart: no script for prestart, continuing
7 info lifecycle io-stream@0.0.2~start: io-stream@0.0.2
8 verbose lifecycle io-stream@0.0.2~start: unsafe-perm in lifecycle true
9 verbose lifecycle io-stream@0.0.2~start: PATH: /usr/local/lib/node_modules/npm/bin/node-gyp-bin:/home/luke/sandbox/io-stream/node_modules/.bin:/usr/local/bin:/home/luke/.rbenv/plugins/ruby-build/bin:/home/luke/.rbenv/shims:/home/luke/.rbenv/bin:/usr/local/sbin:/usr/local/bin:/usr/sbin:/usr/bin:/sbin:/bin:/usr/games:/usr/local/games:/home/luke/school/cs491/my_miniat/out/exe:/home/luke/bin
10 verbose lifecycle io-stream@0.0.2~start: CWD: /home/luke/sandbox/io-stream
11 silly lifecycle io-stream@0.0.2~start: Args: [ '-c', 'node ./bin/www' ]
12 silly lifecycle io-stream@0.0.2~start: Returned: code: 1  signal: null
13 info lifecycle io-stream@0.0.2~start: Failed to exec start script
14 verbose stack Error: io-stream@0.0.2 start: `node ./bin/www`
14 verbose stack Exit status 1
14 verbose stack     at EventEmitter.<anonymous> (/usr/local/lib/node_modules/npm/lib/utils/lifecycle.js:245:16)
14 verbose stack     at emitTwo (events.js:106:13)
14 verbose stack     at EventEmitter.emit (events.js:191:7)
14 verbose stack     at ChildProcess.<anonymous> (/usr/local/lib/node_modules/npm/lib/utils/spawn.js:24:14)
14 verbose stack     at emitTwo (events.js:106:13)
14 verbose stack     at ChildProcess.emit (events.js:191:7)
14 verbose stack     at maybeClose (internal/child_process.js:852:16)
14 verbose stack     at Process.ChildProcess._handle.onexit (internal/child_process.js:215:5)
15 verbose pkgid io-stream@0.0.2
16 verbose cwd /home/luke/sandbox/io-stream
17 error Linux 3.19.0-59-generic
18 error argv "/usr/local/bin/node" "/usr/local/bin/npm" "start"
19 error node v6.2.2
20 error npm  v3.9.5
21 error code ELIFECYCLE
22 error io-stream@0.0.2 start: `node ./bin/www`
22 error Exit status 1
23 error Failed at the io-stream@0.0.2 start script 'node ./bin/www'.
23 error Make sure you have the latest version of node.js and npm installed.
23 error If you do, this is most likely a problem with the io-stream package,
23 error not with npm itself.
23 error Tell the author that this fails on your system:
23 error     node ./bin/www
23 error You can get information on how to open an issue for this project with:
23 error     npm bugs io-stream
23 error Or if that isn't available, you can get their info via:
23 error     npm owner ls io-stream
23 error There is likely additional logging output above.
24 verbose exit [ 1, true ]
